<?xml version="1.0" encoding="UTF-8"?>
<testng-results ignored="0" total="2" passed="2" failed="0" skipped="0">
  <reporter-output>
  </reporter-output>
  <suite started-at="2026-01-19T14:31:31 IST" name="Default suite" finished-at="2026-01-19T14:32:01 IST" duration-ms="29631">
    <groups>
    </groups>
    <test started-at="2026-01-19T14:31:31 IST" name="Default test" finished-at="2026-01-19T14:32:01 IST" duration-ms="29631">
      <class name="TestPages.HomeTest">
        <test-method is-config="true" signature="setupClass()[pri:0, instance:TestPages.HomeTest@7161d8d1]" started-at="2026-01-19T14:31:31 IST" name="setupClass" finished-at="2026-01-19T14:31:44 IST" duration-ms="12807" status="PASS">
          <reporter-output>
          </reporter-output>
        </test-method> <!-- setupClass -->
        <test-method is-config="true" signature="setUpHomePage()[pri:0, instance:TestPages.HomeTest@7161d8d1]" started-at="2026-01-19T14:31:44 IST" name="setUpHomePage" finished-at="2026-01-19T14:31:44 IST" duration-ms="17" status="PASS">
          <reporter-output>
          </reporter-output>
        </test-method> <!-- setUpHomePage -->
        <test-method signature="clickOn2ndSectionWomenShoes()[pri:1, instance:TestPages.HomeTest@7161d8d1]" started-at="2026-01-19T14:31:44 IST" name="clickOn2ndSectionWomenShoes" finished-at="2026-01-19T14:32:01 IST" duration-ms="16675" status="PASS">
          <reporter-output>
          </reporter-output>
        </test-method> <!-- clickOn2ndSectionWomenShoes -->
        <test-method signature="clickOn2ndSectionMenShoes()[pri:2, instance:TestPages.HomeTest@7161d8d1]" started-at="2026-01-19T14:32:01 IST" name="clickOn2ndSectionMenShoes" finished-at="2026-01-19T14:32:01 IST" duration-ms="18" status="PASS">
          <reporter-output>
          </reporter-output>
        </test-method> <!-- clickOn2ndSectionMenShoes -->
      </class> <!-- TestPages.HomeTest -->
    </test> <!-- Default test -->
  </suite> <!-- Default suite -->
</testng-results>
