<?xml version="1.0" encoding="UTF-8"?>
<!-- Generated by org.testng.reporters.JUnitReportReporter -->
<testsuite hostname="DESKTOP-0INDAG6" failures="0" tests="2" name="TestPages.HomeTest" time="16.693" errors="0" timestamp="2026-01-19T14:32:01 IST" skipped="0">
  <testcase classname="TestPages.HomeTest" name="clickOn2ndSectionWomenShoes" time="16.675"/>
  <system-out/>
  <testcase classname="TestPages.HomeTest" name="clickOn2ndSectionMenShoes" time="0.018"/>
  <system-out/>
</testsuite> <!-- TestPages.HomeTest -->
